Run 1
Generating input vectors

Calculating SAXPY using reference solution
Execution time = 0.000004s

Calculating SAXPY using pthreads, version 1
Execution time = 0.000752s

Calculating SAXPY using pthreads, version 2
Execution time = 0.000167s

Checking results for correctness
TEST PASSED
TEST PASSED
Run 2
Generating input vectors

Calculating SAXPY using reference solution
Execution time = 0.000010s

Calculating SAXPY using pthreads, version 1
Execution time = 0.000814s

Calculating SAXPY using pthreads, version 2
Execution time = 0.000179s

Checking results for correctness
TEST PASSED
TEST PASSED
Run 3
Generating input vectors

Calculating SAXPY using reference solution
Execution time = 0.000010s

Calculating SAXPY using pthreads, version 1
Execution time = 0.000682s

Calculating SAXPY using pthreads, version 2
Execution time = 0.000190s

Checking results for correctness
TEST PASSED
TEST PASSED
Run 4
Generating input vectors

Calculating SAXPY using reference solution
Execution time = 0.000006s

Calculating SAXPY using pthreads, version 1
Execution time = 0.000737s

Calculating SAXPY using pthreads, version 2
Execution time = 0.000180s

Checking results for correctness
TEST PASSED
TEST PASSED
Run 5
Generating input vectors

Calculating SAXPY using reference solution
Execution time = 0.000010s

Calculating SAXPY using pthreads, version 1
Execution time = 0.000835s

Calculating SAXPY using pthreads, version 2
Execution time = 0.000199s

Checking results for correctness
TEST PASSED
TEST PASSED
Run 6
Generating input vectors

Calculating SAXPY using reference solution
Execution time = 0.000009s

Calculating SAXPY using pthreads, version 1
Execution time = 0.000634s

Calculating SAXPY using pthreads, version 2
Execution time = 0.000205s

Checking results for correctness
TEST PASSED
TEST PASSED
Run 7
Generating input vectors

Calculating SAXPY using reference solution
Execution time = 0.000009s

Calculating SAXPY using pthreads, version 1
Execution time = 0.000862s

Calculating SAXPY using pthreads, version 2
Execution time = 0.000312s

Checking results for correctness
TEST PASSED
TEST PASSED
Run 8
Generating input vectors

Calculating SAXPY using reference solution
Execution time = 0.000010s

Calculating SAXPY using pthreads, version 1
Execution time = 0.000703s

Calculating SAXPY using pthreads, version 2
Execution time = 0.000217s

Checking results for correctness
TEST PASSED
TEST PASSED
Run 9
Generating input vectors

Calculating SAXPY using reference solution
Execution time = 0.000007s

Calculating SAXPY using pthreads, version 1
Execution time = 0.000700s

Calculating SAXPY using pthreads, version 2
Execution time = 0.000309s

Checking results for correctness
TEST PASSED
TEST PASSED
Run 10
Generating input vectors

Calculating SAXPY using reference solution
Execution time = 0.000010s

Calculating SAXPY using pthreads, version 1
Execution time = 0.000805s

Calculating SAXPY using pthreads, version 2
Execution time = 0.000326s

Checking results for correctness
TEST PASSED
TEST PASSED
