Run 1
Generating input vectors

Calculating SAXPY using reference solution
Execution time = 0.000010s

Calculating SAXPY using pthreads, version 1
Execution time = 0.001598s

Calculating SAXPY using pthreads, version 2
Execution time = 0.000575s

Checking results for correctness
TEST PASSED
TEST PASSED
Run 2
Generating input vectors

Calculating SAXPY using reference solution
Execution time = 0.000010s

Calculating SAXPY using pthreads, version 1
Execution time = 0.001336s

Calculating SAXPY using pthreads, version 2
Execution time = 0.000631s

Checking results for correctness
TEST PASSED
TEST PASSED
Run 3
Generating input vectors

Calculating SAXPY using reference solution
Execution time = 0.000010s

Calculating SAXPY using pthreads, version 1
Execution time = 0.001428s

Calculating SAXPY using pthreads, version 2
Execution time = 0.000624s

Checking results for correctness
TEST PASSED
TEST PASSED
Run 4
Generating input vectors

Calculating SAXPY using reference solution
Execution time = 0.000010s

Calculating SAXPY using pthreads, version 1
Execution time = 0.001421s

Calculating SAXPY using pthreads, version 2
Execution time = 0.000644s

Checking results for correctness
TEST PASSED
TEST PASSED
Run 5
Generating input vectors

Calculating SAXPY using reference solution
Execution time = 0.000009s

Calculating SAXPY using pthreads, version 1
Execution time = 0.002667s

Calculating SAXPY using pthreads, version 2
Execution time = 0.000729s

Checking results for correctness
TEST PASSED
TEST PASSED
Run 6
Generating input vectors

Calculating SAXPY using reference solution
Execution time = 0.000010s

Calculating SAXPY using pthreads, version 1
Execution time = 0.001378s

Calculating SAXPY using pthreads, version 2
Execution time = 0.000668s

Checking results for correctness
TEST PASSED
TEST PASSED
Run 7
Generating input vectors

Calculating SAXPY using reference solution
Execution time = 0.000010s

Calculating SAXPY using pthreads, version 1
Execution time = 0.001321s

Calculating SAXPY using pthreads, version 2
Execution time = 0.000699s

Checking results for correctness
TEST PASSED
TEST PASSED
Run 8
Generating input vectors

Calculating SAXPY using reference solution
Execution time = 0.000009s

Calculating SAXPY using pthreads, version 1
Execution time = 0.001294s

Calculating SAXPY using pthreads, version 2
Execution time = 0.000675s

Checking results for correctness
TEST PASSED
TEST PASSED
Run 9
Generating input vectors

Calculating SAXPY using reference solution
Execution time = 0.000009s

Calculating SAXPY using pthreads, version 1
Execution time = 0.001350s

Calculating SAXPY using pthreads, version 2
Execution time = 0.000678s

Checking results for correctness
TEST PASSED
TEST PASSED
Run 10
Generating input vectors

Calculating SAXPY using reference solution
Execution time = 0.000010s

Calculating SAXPY using pthreads, version 1
Execution time = 0.001315s

Calculating SAXPY using pthreads, version 2
Execution time = 0.000664s

Checking results for correctness
TEST PASSED
TEST PASSED
