Run 1
Generating input vectors

Calculating SAXPY using reference solution
Execution time = 0.305213s

Calculating SAXPY using pthreads, version 1
Execution time = 0.121444s

Calculating SAXPY using pthreads, version 2
Execution time = 1.125331s

Checking results for correctness
TEST PASSED
TEST PASSED
Run 2
Generating input vectors

Calculating SAXPY using reference solution
Execution time = 0.551806s

Calculating SAXPY using pthreads, version 1
Execution time = 0.118179s

Calculating SAXPY using pthreads, version 2
Execution time = 1.065664s

Checking results for correctness
TEST PASSED
TEST PASSED
Run 3
Generating input vectors

Calculating SAXPY using reference solution
Execution time = 0.573597s

Calculating SAXPY using pthreads, version 1
Execution time = 0.118183s

Calculating SAXPY using pthreads, version 2
Execution time = 0.983837s

Checking results for correctness
TEST PASSED
TEST PASSED
Run 4
Generating input vectors

Calculating SAXPY using reference solution
Execution time = 0.121883s

Calculating SAXPY using pthreads, version 1
Execution time = 0.111903s

Calculating SAXPY using pthreads, version 2
Execution time = 1.151958s

Checking results for correctness
TEST PASSED
TEST PASSED
Run 5
Generating input vectors

Calculating SAXPY using reference solution
Execution time = 0.492628s

Calculating SAXPY using pthreads, version 1
Execution time = 0.119634s

Calculating SAXPY using pthreads, version 2
Execution time = 1.149874s

Checking results for correctness
TEST PASSED
TEST PASSED
Run 6
Generating input vectors

Calculating SAXPY using reference solution
Execution time = 0.571410s

Calculating SAXPY using pthreads, version 1
Execution time = 0.110830s

Calculating SAXPY using pthreads, version 2
Execution time = 1.104765s

Checking results for correctness
TEST PASSED
TEST PASSED
Run 7
Generating input vectors

Calculating SAXPY using reference solution
Execution time = 0.569364s

Calculating SAXPY using pthreads, version 1
Execution time = 0.114868s

Calculating SAXPY using pthreads, version 2
Execution time = 1.139035s

Checking results for correctness
TEST PASSED
TEST PASSED
Run 8
Generating input vectors

Calculating SAXPY using reference solution
Execution time = 0.539318s

Calculating SAXPY using pthreads, version 1
Execution time = 0.114286s

Calculating SAXPY using pthreads, version 2
Execution time = 1.137706s

Checking results for correctness
TEST PASSED
TEST PASSED
Run 9
Generating input vectors

Calculating SAXPY using reference solution
Execution time = 0.581853s

Calculating SAXPY using pthreads, version 1
Execution time = 0.129550s

Calculating SAXPY using pthreads, version 2
Execution time = 1.193842s

Checking results for correctness
TEST PASSED
TEST PASSED
Run 10
Generating input vectors

Calculating SAXPY using reference solution
Execution time = 0.282441s

Calculating SAXPY using pthreads, version 1
Execution time = 0.136261s

Calculating SAXPY using pthreads, version 2
Execution time = 1.096914s

Checking results for correctness
TEST PASSED
TEST PASSED
