Run 1
Generating input vectors

Calculating SAXPY using reference solution
Execution time = 0.281667s

Calculating SAXPY using pthreads, version 1
Execution time = 0.172012s

Calculating SAXPY using pthreads, version 2
Execution time = 0.357218s

Checking results for correctness
TEST PASSED
TEST PASSED
Run 2
Generating input vectors

Calculating SAXPY using reference solution
Execution time = 0.302953s

Calculating SAXPY using pthreads, version 1
Execution time = 0.180601s

Calculating SAXPY using pthreads, version 2
Execution time = 0.355303s

Checking results for correctness
TEST PASSED
TEST PASSED
Run 3
Generating input vectors

Calculating SAXPY using reference solution
Execution time = 0.247751s

Calculating SAXPY using pthreads, version 1
Execution time = 0.102655s

Calculating SAXPY using pthreads, version 2
Execution time = 0.351194s

Checking results for correctness
TEST PASSED
TEST PASSED
Run 4
Generating input vectors

Calculating SAXPY using reference solution
Execution time = 0.306591s

Calculating SAXPY using pthreads, version 1
Execution time = 0.174858s

Calculating SAXPY using pthreads, version 2
Execution time = 0.356077s

Checking results for correctness
TEST PASSED
TEST PASSED
Run 5
Generating input vectors

Calculating SAXPY using reference solution
Execution time = 0.242788s

Calculating SAXPY using pthreads, version 1
Execution time = 0.172206s

Calculating SAXPY using pthreads, version 2
Execution time = 0.353321s

Checking results for correctness
TEST PASSED
TEST PASSED
Run 6
Generating input vectors

Calculating SAXPY using reference solution
Execution time = 0.305421s

Calculating SAXPY using pthreads, version 1
Execution time = 0.172379s

Calculating SAXPY using pthreads, version 2
Execution time = 0.360665s

Checking results for correctness
TEST PASSED
TEST PASSED
Run 7
Generating input vectors

Calculating SAXPY using reference solution
Execution time = 0.273164s

Calculating SAXPY using pthreads, version 1
Execution time = 0.178496s

Calculating SAXPY using pthreads, version 2
Execution time = 0.350537s

Checking results for correctness
TEST PASSED
TEST PASSED
Run 8
Generating input vectors

Calculating SAXPY using reference solution
Execution time = 0.308163s

Calculating SAXPY using pthreads, version 1
Execution time = 0.125121s

Calculating SAXPY using pthreads, version 2
Execution time = 0.389867s

Checking results for correctness
TEST PASSED
TEST PASSED
Run 9
Generating input vectors

Calculating SAXPY using reference solution
Execution time = 0.282950s

Calculating SAXPY using pthreads, version 1
Execution time = 0.175676s

Calculating SAXPY using pthreads, version 2
Execution time = 0.378587s

Checking results for correctness
TEST PASSED
TEST PASSED
Run 10
Generating input vectors

Calculating SAXPY using reference solution
Execution time = 0.282202s

Calculating SAXPY using pthreads, version 1
Execution time = 0.165990s

Calculating SAXPY using pthreads, version 2
Execution time = 0.325369s

Checking results for correctness
TEST PASSED
TEST PASSED
