Run 1
Generating input vectors

Calculating SAXPY using reference solution
Execution time = 0.197467s

Calculating SAXPY using pthreads, version 1
Execution time = 0.101499s

Calculating SAXPY using pthreads, version 2
Execution time = 0.676006s

Checking results for correctness
TEST PASSED
TEST PASSED
Run 2
Generating input vectors

Calculating SAXPY using reference solution
Execution time = 0.492495s

Calculating SAXPY using pthreads, version 1
Execution time = 0.138726s

Calculating SAXPY using pthreads, version 2
Execution time = 0.647841s

Checking results for correctness
TEST PASSED
TEST PASSED
Run 3
Generating input vectors

Calculating SAXPY using reference solution
Execution time = 0.276722s

Calculating SAXPY using pthreads, version 1
Execution time = 0.156297s

Calculating SAXPY using pthreads, version 2
Execution time = 0.656764s

Checking results for correctness
TEST PASSED
TEST PASSED
Run 4
Generating input vectors

Calculating SAXPY using reference solution
Execution time = 0.315231s

Calculating SAXPY using pthreads, version 1
Execution time = 0.126402s

Calculating SAXPY using pthreads, version 2
Execution time = 0.669360s

Checking results for correctness
TEST PASSED
TEST PASSED
Run 5
Generating input vectors

Calculating SAXPY using reference solution
Execution time = 0.548283s

Calculating SAXPY using pthreads, version 1
Execution time = 0.112221s

Calculating SAXPY using pthreads, version 2
Execution time = 0.640034s

Checking results for correctness
TEST PASSED
TEST PASSED
Run 6
Generating input vectors

Calculating SAXPY using reference solution
Execution time = 0.229320s

Calculating SAXPY using pthreads, version 1
Execution time = 0.128945s

Calculating SAXPY using pthreads, version 2
Execution time = 0.635559s

Checking results for correctness
TEST PASSED
TEST PASSED
Run 7
Generating input vectors

Calculating SAXPY using reference solution
Execution time = 0.309334s

Calculating SAXPY using pthreads, version 1
Execution time = 0.140436s

Calculating SAXPY using pthreads, version 2
Execution time = 0.656677s

Checking results for correctness
TEST PASSED
TEST PASSED
Run 8
Generating input vectors

Calculating SAXPY using reference solution
Execution time = 0.563841s

Calculating SAXPY using pthreads, version 1
Execution time = 0.124775s

Calculating SAXPY using pthreads, version 2
Execution time = 0.643383s

Checking results for correctness
TEST PASSED
TEST PASSED
Run 9
Generating input vectors

Calculating SAXPY using reference solution
Execution time = 0.121934s

Calculating SAXPY using pthreads, version 1
Execution time = 0.102249s

Calculating SAXPY using pthreads, version 2
Execution time = 0.698638s

Checking results for correctness
TEST PASSED
TEST PASSED
Run 10
Generating input vectors

Calculating SAXPY using reference solution
Execution time = 0.296599s

Calculating SAXPY using pthreads, version 1
Execution time = 0.171252s

Calculating SAXPY using pthreads, version 2
Execution time = 0.670522s

Checking results for correctness
TEST PASSED
TEST PASSED
